{"C:\\Users\\rache\\GitHub\\Peer-Programming\\todoList_with_webpack\\src\\add-remove-edit.js": {"path":"C:\\Users\\rache\\GitHub\\Peer-Programming\\todoList_with_webpack\\src\\add-remove-edit.js","statementMap":{"0":{"start":{"line":5,"column":14},"end":{"line":5,"column":46}},"1":{"start":{"line":7,"column":20},"end":{"line":7,"column":60}},"2":{"start":{"line":8,"column":23},"end":{"line":8,"column":60}},"3":{"start":{"line":9,"column":26},"end":{"line":9,"column":66}},"4":{"start":{"line":10,"column":18},"end":{"line":10,"column":56}},"5":{"start":{"line":12,"column":12},"end":{"line":12,"column":28}},"6":{"start":{"line":14,"column":23},"end":{"line":22,"column":1}},"7":{"start":{"line":15,"column":15},"end":{"line":19,"column":3}},"8":{"start":{"line":20,"column":2},"end":{"line":20,"column":19}},"9":{"start":{"line":21,"column":2},"end":{"line":21,"column":22}},"10":{"start":{"line":25,"column":28},"end":{"line":45,"column":1}},"11":{"start":{"line":26,"column":19},"end":{"line":43,"column":4}},"12":{"start":{"line":27,"column":46},"end":{"line":27,"column":50}},"13":{"start":{"line":28,"column":4},"end":{"line":42,"column":6}},"14":{"start":{"line":44,"column":2},"end":{"line":44,"column":42}},"15":{"start":{"line":47,"column":26},"end":{"line":54,"column":1}},"16":{"start":{"line":48,"column":2},"end":{"line":48,"column":66}},"17":{"start":{"line":48,"column":33},"end":{"line":48,"column":64}},"18":{"start":{"line":49,"column":2},"end":{"line":51,"column":5}},"19":{"start":{"line":50,"column":4},"end":{"line":50,"column":27}},"20":{"start":{"line":52,"column":2},"end":{"line":52,"column":25}},"21":{"start":{"line":53,"column":2},"end":{"line":53,"column":22}},"22":{"start":{"line":56,"column":33},"end":{"line":90,"column":1}},"23":{"start":{"line":57,"column":2},"end":{"line":89,"column":5}},"24":{"start":{"line":59,"column":4},"end":{"line":63,"column":5}},"25":{"start":{"line":60,"column":6},"end":{"line":60,"column":38}},"26":{"start":{"line":61,"column":24},"end":{"line":61,"column":52}},"27":{"start":{"line":62,"column":6},"end":{"line":62,"column":37}},"28":{"start":{"line":66,"column":4},"end":{"line":88,"column":5}},"29":{"start":{"line":68,"column":8},"end":{"line":68,"column":60}},"30":{"start":{"line":69,"column":6},"end":{"line":69,"column":53}},"31":{"start":{"line":70,"column":6},"end":{"line":70,"column":50}},"32":{"start":{"line":72,"column":6},"end":{"line":74,"column":9}},"33":{"start":{"line":73,"column":8},"end":{"line":73,"column":58}},"34":{"start":{"line":77,"column":6},"end":{"line":87,"column":9}},"35":{"start":{"line":78,"column":26},"end":{"line":78,"column":54}},"36":{"start":{"line":79,"column":25},"end":{"line":81,"column":9}},"37":{"start":{"line":80,"column":20},"end":{"line":80,"column":45}},"38":{"start":{"line":82,"column":8},"end":{"line":82,"column":47}},"39":{"start":{"line":83,"column":8},"end":{"line":83,"column":52}},"40":{"start":{"line":84,"column":8},"end":{"line":84,"column":28}},"41":{"start":{"line":86,"column":8},"end":{"line":86,"column":58}}},"fnMap":{"0":{"name":"(anonymous_0)","decl":{"start":{"line":14,"column":23},"end":{"line":14,"column":24}},"loc":{"start":{"line":14,"column":54},"end":{"line":22,"column":1}},"line":14},"1":{"name":"(anonymous_1)","decl":{"start":{"line":25,"column":28},"end":{"line":25,"column":29}},"loc":{"start":{"line":25,"column":42},"end":{"line":45,"column":1}},"line":25},"2":{"name":"(anonymous_2)","decl":{"start":{"line":26,"column":29},"end":{"line":26,"column":30}},"loc":{"start":{"line":26,"column":39},"end":{"line":43,"column":3}},"line":26},"3":{"name":"(anonymous_3)","decl":{"start":{"line":47,"column":26},"end":{"line":47,"column":27}},"loc":{"start":{"line":47,"column":55},"end":{"line":54,"column":1}},"line":47},"4":{"name":"(anonymous_4)","decl":{"start":{"line":48,"column":23},"end":{"line":48,"column":24}},"loc":{"start":{"line":48,"column":33},"end":{"line":48,"column":64}},"line":48},"5":{"name":"(anonymous_5)","decl":{"start":{"line":49,"column":16},"end":{"line":49,"column":17}},"loc":{"start":{"line":49,"column":33},"end":{"line":51,"column":3}},"line":49},"6":{"name":"(anonymous_6)","decl":{"start":{"line":56,"column":33},"end":{"line":56,"column":34}},"loc":{"start":{"line":56,"column":51},"end":{"line":90,"column":1}},"line":56},"7":{"name":"(anonymous_7)","decl":{"start":{"line":57,"column":37},"end":{"line":57,"column":38}},"loc":{"start":{"line":57,"column":44},"end":{"line":89,"column":3}},"line":57},"8":{"name":"(anonymous_8)","decl":{"start":{"line":72,"column":50},"end":{"line":72,"column":51}},"loc":{"start":{"line":72,"column":56},"end":{"line":74,"column":7}},"line":72},"9":{"name":"(anonymous_9)","decl":{"start":{"line":77,"column":47},"end":{"line":77,"column":48}},"loc":{"start":{"line":77,"column":53},"end":{"line":87,"column":7}},"line":77},"10":{"name":"(anonymous_10)","decl":{"start":{"line":80,"column":10},"end":{"line":80,"column":11}},"loc":{"start":{"line":80,"column":20},"end":{"line":80,"column":45}},"line":80}},"branchMap":{"0":{"loc":{"start":{"line":14,"column":24},"end":{"line":14,"column":49}},"type":"default-arg","locations":[{"start":{"line":14,"column":38},"end":{"line":14,"column":49}}],"line":14},"1":{"loc":{"start":{"line":32,"column":10},"end":{"line":32,"column":54}},"type":"cond-expr","locations":[{"start":{"line":32,"column":31},"end":{"line":32,"column":45}},{"start":{"line":32,"column":48},"end":{"line":32,"column":54}}],"line":32},"2":{"loc":{"start":{"line":48,"column":33},"end":{"line":48,"column":64}},"type":"binary-expr","locations":[{"start":{"line":48,"column":33},"end":{"line":48,"column":58}},{"start":{"line":48,"column":62},"end":{"line":48,"column":64}}],"line":48},"3":{"loc":{"start":{"line":59,"column":4},"end":{"line":63,"column":5}},"type":"if","locations":[{"start":{"line":59,"column":4},"end":{"line":63,"column":5}},{"start":{},"end":{}}],"line":59},"4":{"loc":{"start":{"line":59,"column":8},"end":{"line":59,"column":57}},"type":"binary-expr","locations":[{"start":{"line":59,"column":8},"end":{"line":59,"column":45}},{"start":{"line":59,"column":49},"end":{"line":59,"column":57}}],"line":59},"5":{"loc":{"start":{"line":61,"column":24},"end":{"line":61,"column":52}},"type":"binary-expr","locations":[{"start":{"line":61,"column":24},"end":{"line":61,"column":46}},{"start":{"line":61,"column":50},"end":{"line":61,"column":52}}],"line":61},"6":{"loc":{"start":{"line":66,"column":4},"end":{"line":88,"column":5}},"type":"if","locations":[{"start":{"line":66,"column":4},"end":{"line":88,"column":5}},{"start":{},"end":{}}],"line":66}},"s":{"0":1,"1":1,"2":1,"3":1,"4":1,"5":1,"6":1,"7":1,"8":1,"9":1,"10":1,"11":2,"12":1,"13":1,"14":2,"15":1,"16":1,"17":1,"18":1,"19":0,"20":1,"21":1,"22":1,"23":0,"24":0,"25":0,"26":0,"27":0,"28":0,"29":0,"30":0,"31":0,"32":0,"33":0,"34":0,"35":0,"36":0,"37":0,"38":0,"39":0,"40":0,"41":0},"f":{"0":1,"1":2,"2":1,"3":1,"4":1,"5":0,"6":0,"7":0,"8":0,"9":0,"10":0},"b":{"0":[0],"1":[0,1],"2":[1,1],"3":[0,0],"4":[0,0],"5":[0,0],"6":[0,0]},"_coverageSchema":"1a1c01bbd47fc00a2c39e90264f33305004495a9","hash":"9a12465fdee295f5e1b4f743d5385c6fb2500e89"}
,"C:\\Users\\rache\\GitHub\\Peer-Programming\\todoList_with_webpack\\src\\clearAll.js": {"path":"C:\\Users\\rache\\GitHub\\Peer-Programming\\todoList_with_webpack\\src\\clearAll.js","statementMap":{"0":{"start":{"line":3,"column":23},"end":{"line":3,"column":65}},"1":{"start":{"line":5,"column":17},"end":{"line":11,"column":1}},"2":{"start":{"line":6,"column":2},"end":{"line":10,"column":5}},"3":{"start":{"line":7,"column":4},"end":{"line":7,"column":28}},"4":{"start":{"line":8,"column":4},"end":{"line":8,"column":51}},"5":{"start":{"line":8,"column":35},"end":{"line":8,"column":49}},"6":{"start":{"line":9,"column":4},"end":{"line":9,"column":24}}},"fnMap":{"0":{"name":"(anonymous_0)","decl":{"start":{"line":5,"column":17},"end":{"line":5,"column":18}},"loc":{"start":{"line":5,"column":38},"end":{"line":11,"column":1}},"line":5},"1":{"name":"(anonymous_1)","decl":{"start":{"line":6,"column":43},"end":{"line":6,"column":44}},"loc":{"start":{"line":6,"column":49},"end":{"line":10,"column":3}},"line":6},"2":{"name":"(anonymous_2)","decl":{"start":{"line":8,"column":25},"end":{"line":8,"column":26}},"loc":{"start":{"line":8,"column":35},"end":{"line":8,"column":49}},"line":8}},"branchMap":{},"s":{"0":1,"1":1,"2":0,"3":0,"4":0,"5":0,"6":0},"f":{"0":0,"1":0,"2":0},"b":{},"_coverageSchema":"1a1c01bbd47fc00a2c39e90264f33305004495a9","hash":"ffb3098f0093ee706f4877a2fdfb1fec660eb805"}
,"C:\\Users\\rache\\GitHub\\Peer-Programming\\todoList_with_webpack\\src\\handleCheckbox.js": {"path":"C:\\Users\\rache\\GitHub\\Peer-Programming\\todoList_with_webpack\\src\\handleCheckbox.js","statementMap":{"0":{"start":{"line":2,"column":20},"end":{"line":26,"column":1}},"1":{"start":{"line":3,"column":2},"end":{"line":25,"column":5}},"2":{"start":{"line":4,"column":21},"end":{"line":4,"column":73}},"3":{"start":{"line":5,"column":22},"end":{"line":5,"column":43}},"4":{"start":{"line":7,"column":4},"end":{"line":15,"column":5}},"5":{"start":{"line":11,"column":6},"end":{"line":11,"column":44}},"6":{"start":{"line":12,"column":6},"end":{"line":12,"column":45}},"7":{"start":{"line":13,"column":6},"end":{"line":13,"column":26}},"8":{"start":{"line":16,"column":4},"end":{"line":24,"column":5}},"9":{"start":{"line":20,"column":6},"end":{"line":20,"column":45}},"10":{"start":{"line":21,"column":6},"end":{"line":21,"column":48}},"11":{"start":{"line":22,"column":6},"end":{"line":22,"column":26}}},"fnMap":{"0":{"name":"(anonymous_0)","decl":{"start":{"line":2,"column":20},"end":{"line":2,"column":21}},"loc":{"start":{"line":2,"column":55},"end":{"line":26,"column":1}},"line":2},"1":{"name":"(anonymous_1)","decl":{"start":{"line":3,"column":38},"end":{"line":3,"column":39}},"loc":{"start":{"line":3,"column":45},"end":{"line":25,"column":3}},"line":3}},"branchMap":{"0":{"loc":{"start":{"line":7,"column":4},"end":{"line":15,"column":5}},"type":"if","locations":[{"start":{"line":7,"column":4},"end":{"line":15,"column":5}},{"start":{},"end":{}}],"line":7},"1":{"loc":{"start":{"line":8,"column":6},"end":{"line":9,"column":34}},"type":"binary-expr","locations":[{"start":{"line":8,"column":6},"end":{"line":8,"column":45}},{"start":{"line":9,"column":9},"end":{"line":9,"column":34}}],"line":8},"2":{"loc":{"start":{"line":16,"column":4},"end":{"line":24,"column":5}},"type":"if","locations":[{"start":{"line":16,"column":4},"end":{"line":24,"column":5}},{"start":{},"end":{}}],"line":16},"3":{"loc":{"start":{"line":17,"column":6},"end":{"line":18,"column":35}},"type":"binary-expr","locations":[{"start":{"line":17,"column":6},"end":{"line":17,"column":45}},{"start":{"line":18,"column":9},"end":{"line":18,"column":35}}],"line":17}},"s":{"0":1,"1":0,"2":0,"3":0,"4":0,"5":0,"6":0,"7":0,"8":0,"9":0,"10":0,"11":0},"f":{"0":0,"1":0},"b":{"0":[0,0],"1":[0,0],"2":[0,0],"3":[0,0]},"_coverageSchema":"1a1c01bbd47fc00a2c39e90264f33305004495a9","hash":"11b53d9601f2e652cd53c20f370f4d47fff30ece"}
,"C:\\Users\\rache\\GitHub\\Peer-Programming\\todoList_with_webpack\\src\\locaStorage.js": {"path":"C:\\Users\\rache\\GitHub\\Peer-Programming\\todoList_with_webpack\\src\\locaStorage.js","statementMap":{"0":{"start":{"line":1,"column":28},"end":{"line":7,"column":1}},"1":{"start":{"line":2,"column":18},"end":{"line":5,"column":3}},"2":{"start":{"line":6,"column":2},"end":{"line":6,"column":17}},"3":{"start":{"line":9,"column":30},"end":{"line":12,"column":1}},"4":{"start":{"line":10,"column":18},"end":{"line":10,"column":105}},"5":{"start":{"line":11,"column":2},"end":{"line":11,"column":17}}},"fnMap":{"0":{"name":"(anonymous_0)","decl":{"start":{"line":1,"column":28},"end":{"line":1,"column":29}},"loc":{"start":{"line":1,"column":39},"end":{"line":7,"column":1}},"line":1},"1":{"name":"(anonymous_1)","decl":{"start":{"line":9,"column":30},"end":{"line":9,"column":31}},"loc":{"start":{"line":9,"column":36},"end":{"line":12,"column":1}},"line":9}},"branchMap":{"0":{"loc":{"start":{"line":10,"column":18},"end":{"line":10,"column":105}},"type":"cond-expr","locations":[{"start":{"line":10,"column":59},"end":{"line":10,"column":61}},{"start":{"line":10,"column":64},"end":{"line":10,"column":105}}],"line":10}},"s":{"0":1,"1":2,"2":2,"3":1,"4":1,"5":1},"f":{"0":2,"1":1},"b":{"0":[1,0]},"_coverageSchema":"1a1c01bbd47fc00a2c39e90264f33305004495a9","hash":"ff4da1d58a27e3cc0dadf5f3ba5d6b58513f1daa"}
}
