TN:
SF:src\add-remove-edit.js
FN:14,(anonymous_0)
FN:25,(anonymous_1)
FN:26,(anonymous_2)
FN:47,(anonymous_3)
FN:48,(anonymous_4)
FN:49,(anonymous_5)
FN:56,(anonymous_6)
FN:57,(anonymous_7)
FN:72,(anonymous_8)
FN:77,(anonymous_9)
FN:80,(anonymous_10)
FNF:11
FNH:5
FNDA:1,(anonymous_0)
FNDA:3,(anonymous_1)
FNDA:1,(anonymous_2)
FNDA:2,(anonymous_3)
FNDA:1,(anonymous_4)
FNDA:0,(anonymous_5)
FNDA:0,(anonymous_6)
FNDA:0,(anonymous_7)
FNDA:0,(anonymous_8)
FNDA:0,(anonymous_9)
FNDA:0,(anonymous_10)
DA:5,1
DA:7,1
DA:8,1
DA:9,1
DA:10,1
DA:12,1
DA:14,1
DA:15,1
DA:20,1
DA:21,1
DA:25,1
DA:26,3
DA:27,1
DA:28,1
DA:44,3
DA:47,1
DA:48,2
DA:49,2
DA:50,0
DA:52,2
DA:53,2
DA:56,1
DA:57,0
DA:59,0
DA:60,0
DA:61,0
DA:62,0
DA:66,0
DA:68,0
DA:69,0
DA:70,0
DA:72,0
DA:73,0
DA:77,0
DA:78,0
DA:79,0
DA:80,0
DA:82,0
DA:83,0
DA:84,0
DA:86,0
LF:41
LH:21
BRDA:14,0,0,0
BRDA:32,1,0,0
BRDA:32,1,1,1
BRDA:48,2,0,1
BRDA:48,2,1,1
BRDA:59,3,0,0
BRDA:59,3,1,0
BRDA:59,4,0,0
BRDA:59,4,1,0
BRDA:61,5,0,0
BRDA:61,5,1,0
BRDA:66,6,0,0
BRDA:66,6,1,0
BRF:13
BRH:3
end_of_record
TN:
SF:src\clearAll.js
FN:5,(anonymous_0)
FN:6,(anonymous_1)
FN:8,(anonymous_2)
FNF:3
FNH:0
FNDA:0,(anonymous_0)
FNDA:0,(anonymous_1)
FNDA:0,(anonymous_2)
DA:3,1
DA:5,1
DA:6,0
DA:7,0
DA:8,0
DA:9,0
LF:6
LH:2
BRF:0
BRH:0
end_of_record
TN:
SF:src\handleCheckbox.js
FN:2,(anonymous_0)
FN:3,(anonymous_1)
FNF:2
FNH:0
FNDA:0,(anonymous_0)
FNDA:0,(anonymous_1)
DA:2,1
DA:3,0
DA:4,0
DA:5,0
DA:7,0
DA:11,0
DA:12,0
DA:13,0
DA:16,0
DA:20,0
DA:21,0
DA:22,0
LF:12
LH:1
BRDA:7,0,0,0
BRDA:7,0,1,0
BRDA:8,1,0,0
BRDA:8,1,1,0
BRDA:16,2,0,0
BRDA:16,2,1,0
BRDA:17,3,0,0
BRDA:17,3,1,0
BRF:8
BRH:0
end_of_record
TN:
SF:src\locaStorage.js
FN:1,(anonymous_0)
FN:9,(anonymous_1)
FNF:2
FNH:2
FNDA:3,(anonymous_0)
FNDA:1,(anonymous_1)
DA:1,1
DA:2,3
DA:6,3
DA:9,1
DA:10,1
DA:11,1
LF:6
LH:6
BRDA:10,0,0,1
BRDA:10,0,1,0
BRF:2
BRH:1
end_of_record
